TN:result
SF:/usr/include/c++/9/bits/basic_string.tcc
FN:206,_ZNSt7__cxx1112basic_stringIcSt11char_traitsIcESaIcEE12_M_constructIPcEEvT_S7_St20forward_iterator_tag
FNDA:9,_ZNSt7__cxx1112basic_stringIcSt11char_traitsIcESaIcEE12_M_constructIPcEEvT_S7_St20forward_iterator_tag
DA:206,9
DA:211,9
DA:212,0
DA:215,9
DA:217,9
DA:219,8
DA:220,8
DA:225,9
DA:226,0
DA:228,0
DA:229,0
DA:232,9
DA:233,9
end_of_record
SF:/usr/include/c++/9/ext/string_conversions.h
FN:54,_ZN9__gnu_cxx6__stoaIllcJiEEET0_PFT_PKT1_PPS3_DpT2_EPKcS5_PmS9_
FNDA:1,_ZN9__gnu_cxx6__stoaIllcJiEEET0_PFT_PKT1_PPS3_DpT2_EPKcS5_PmS9_
FN:63,_ZZN9__gnu_cxx6__stoaIllcJiEEET0_PFT_PKT1_PPS3_DpT2_EPKcS5_PmS9_EN11_Save_errnoC2Ev
FNDA:1,_ZZN9__gnu_cxx6__stoaIllcJiEEET0_PFT_PKT1_PPS3_DpT2_EPKcS5_PmS9_EN11_Save_errnoC2Ev
FN:64,_ZZN9__gnu_cxx6__stoaIllcJiEEET0_PFT_PKT1_PPS3_DpT2_EPKcS5_PmS9_EN11_Save_errnoD2Ev
FNDA:1,_ZZN9__gnu_cxx6__stoaIllcJiEEET0_PFT_PKT1_PPS3_DpT2_EPKcS5_PmS9_EN11_Save_errnoD2Ev
FN:70,_ZZN9__gnu_cxx6__stoaIllcJiEEET0_PFT_PKT1_PPS3_DpT2_EPKcS5_PmS9_EN10_Range_chk6_S_chkElSt17integral_constantIbLb0EE
FNDA:1,_ZZN9__gnu_cxx6__stoaIllcJiEEET0_PFT_PKT1_PPS3_DpT2_EPKcS5_PmS9_EN10_Range_chk6_S_chkElSt17integral_constantIbLb0EE
FN:99,_ZN9__gnu_cxx12__to_xstringINSt7__cxx1112basic_stringIcSt11char_traitsIcESaIcEEEcEET_PFiPT0_mPKS8_P13__va_list_tagEmSB_z
FNDA:9,_ZN9__gnu_cxx12__to_xstringINSt7__cxx1112basic_stringIcSt11char_traitsIcESaIcEEEcEET_PFiPT0_mPKS8_P13__va_list_tagEmSB_z
DA:54,1
DA:63,1
DA:64,1
DA:66,1
DA:70,1
DA:80,1
DA:82,1
DA:83,0
DA:84,2
DA:85,1
DA:86,0
DA:88,1
DA:90,1
DA:91,0
DA:93,2
DA:99,9
DA:105,9
DA:109,9
DA:111,9
DA:113,9
DA:115,9
end_of_record
SF:/usr/include/c++/9/iostream
end_of_record
SF:/usr/include/c++/9/ext/new_allocator.h
FN:80,_ZN9__gnu_cxx13new_allocatorIcEC2Ev
FNDA:0,_ZN9__gnu_cxx13new_allocatorIcEC2Ev
FN:89,_ZN9__gnu_cxx13new_allocatorIcED2Ev
FNDA:0,_ZN9__gnu_cxx13new_allocatorIcED2Ev
DA:80,0
DA:89,0
end_of_record
SF:/usr/include/c++/9/bits/stl_iterator_base_types.h
FN:205,_ZSt19__iterator_categoryIPcENSt15iterator_traitsIT_E17iterator_categoryERKS2_
FNDA:9,_ZSt19__iterator_categoryIPcENSt15iterator_traitsIT_E17iterator_categoryERKS2_
DA:205,9
DA:206,9
end_of_record
SF:/usr/include/c++/9/ext/type_traits.h
FN:152,_ZN9__gnu_cxx17__is_null_pointerIcEEbPT_
FNDA:9,_ZN9__gnu_cxx17__is_null_pointerIcEEbPT_
DA:152,9
DA:153,9
end_of_record
SF:/home/tanmay/PR003/creditCardValidation.cpp
FN:4,_Z8getDigiti
FNDA:8,_Z8getDigiti
FN:11,_Z7getSizel
FNDA:6,_Z7getSizel
FN:17,_Z9getPrefixli
FNDA:1,_Z9getPrefixli
FN:27,_Z13prefixMatchedli
FNDA:1,_Z13prefixMatchedli
FN:32,_Z20sumOfDoubleEvenPlacel
FNDA:1,_Z20sumOfDoubleEvenPlacel
FN:42,_Z13sumOfOddPlacel
FNDA:1,_Z13sumOfOddPlacel
FN:51,_Z7isValidl
FNDA:1,_Z7isValidl
FN:63,main
FNDA:1,main
DA:4,8
DA:6,8
DA:7,5
DA:8,3
DA:11,6
DA:13,6
DA:14,12
DA:17,1
DA:19,1
DA:21,1
DA:22,1
DA:24,0
DA:27,1
DA:29,1
DA:32,1
DA:34,1
DA:35,1
DA:36,9
DA:37,8
DA:39,2
DA:42,1
DA:44,1
DA:45,1
DA:46,9
DA:47,8
DA:48,2
DA:51,1
DA:53,1
DA:54,1
DA:55,1
DA:56,0
DA:57,0
DA:58,2
DA:59,1
DA:60,2
DA:63,1
DA:65,1
DA:66,1
DA:67,1
DA:68,1
end_of_record
SF:/usr/include/c++/9/bits/stl_iterator_base_funcs.h
FN:98,_ZSt10__distanceIPcENSt15iterator_traitsIT_E15difference_typeES2_S2_St26random_access_iterator_tag
FNDA:9,_ZSt10__distanceIPcENSt15iterator_traitsIT_E15difference_typeES2_S2_St26random_access_iterator_tag
FN:138,_ZSt8distanceIPcENSt15iterator_traitsIT_E15difference_typeES2_S2_
FNDA:9,_ZSt8distanceIPcENSt15iterator_traitsIT_E15difference_typeES2_S2_
DA:98,9
DA:104,9
DA:138,9
DA:141,9
DA:142,18
end_of_record
SF:/usr/include/c++/9/bits/basic_string.h
FN:243,_ZNSt7__cxx1112basic_stringIcSt11char_traitsIcESaIcEE16_M_construct_auxIPcEEvT_S7_St12__false_type
FNDA:9,_ZNSt7__cxx1112basic_stringIcSt11char_traitsIcESaIcEE16_M_construct_auxIPcEEvT_S7_St12__false_type
FN:263,_ZNSt7__cxx1112basic_stringIcSt11char_traitsIcESaIcEE12_M_constructIPcEEvT_S7_
FNDA:9,_ZNSt7__cxx1112basic_stringIcSt11char_traitsIcESaIcEE12_M_constructIPcEEvT_S7_
FN:625,_ZNSt7__cxx1112basic_stringIcSt11char_traitsIcESaIcEEC2IPcvEET_S7_RKS3_
FNDA:9,_ZNSt7__cxx1112basic_stringIcSt11char_traitsIcESaIcEEC2IPcvEET_S7_RKS3_
FN:6508,_ZNSt7__cxx114stolERKNS_12basic_stringIcSt11char_traitsIcESaIcEEEPmi
FNDA:1,_ZNSt7__cxx114stolERKNS_12basic_stringIcSt11char_traitsIcESaIcEEEPmi
FN:6557,_ZNSt7__cxx119to_stringEl
FNDA:9,_ZNSt7__cxx119to_stringEl
DA:243,9
DA:247,9
DA:248,9
DA:263,9
DA:266,9
DA:267,9
DA:625,9
DA:627,9
DA:628,9
DA:6508,1
DA:6509,1
DA:6510,1
DA:6557,9
DA:6559,9
end_of_record
